[16:51:34] [main/INFO] [GradleStart]: Extra: []
[16:51:35] [main/INFO] [GradleStart]: Running with arguments: [--userProperties, {}, --assetsDir, C:/Users/adtsd/.mcreator/gradle/caches/minecraft/assets, --assetIndex, 1.12, --accessToken{REDACTED}, --version, 1.12.2, --tweakClass, net.minecraftforge.fml.common.launcher.FMLTweaker, --tweakClass, net.minecraftforge.gradle.tweakers.CoremodTweaker]
[16:51:35] [main/INFO] [LaunchWrapper]: Loading tweak class name net.minecraftforge.fml.common.launcher.FMLTweaker
[16:51:35] [main/INFO] [LaunchWrapper]: Using primary tweak class name net.minecraftforge.fml.common.launcher.FMLTweaker
[16:51:35] [main/INFO] [LaunchWrapper]: Loading tweak class name net.minecraftforge.gradle.tweakers.CoremodTweaker
[16:51:35] [main/INFO] [LaunchWrapper]: Calling tweak class net.minecraftforge.fml.common.launcher.FMLTweaker
[16:51:35] [main/INFO] [FML]: Forge Mod Loader version 14.23.5.2768 for Minecraft 1.12.2 loading
[16:51:35] [main/INFO] [FML]: Java is OpenJDK 64-Bit Server VM, version 1.8.0_232, running on Windows 10:amd64:10.0, installed at C:\Program Files\Pylo\MCreator\jdk\jre
[16:51:35] [main/ERROR] [FML]: Apache Maven library folder was not in the format expected. Using default libraries directory.
[16:51:35] [main/ERROR] [FML]: Full: C:\Users\adtsd\.mcreator\gradle\caches\modules-2\files-2.1\org.apache.maven\maven-artifact\3.5.3\7dc72b6d6d8a6dced3d294ed54c2cc3515ade9f4\maven-artifact-3.5.3.jar
[16:51:35] [main/ERROR] [FML]: Trimmed: c:/users/adtsd/.mcreator/gradle/caches/modules-2/files-2.1/org.apache.maven/maven-artifact/3.5.3/
[16:51:36] [main/INFO] [FML]: Managed to load a deobfuscated Minecraft name- we are in a deobfuscated environment. Skipping runtime deobfuscation
[16:51:36] [main/INFO] [FML]: Detected deobfuscated environment, loading log configs for colored console logs.
[16:51:39] [main/INFO] [FML]: Ignoring missing certificate for coremod FMLCorePlugin (net.minecraftforge.fml.relauncher.FMLCorePlugin), we are in deobf and it's a forge core plugin
[16:51:39] [main/INFO] [FML]: Ignoring missing certificate for coremod FMLForgePlugin (net.minecraftforge.classloading.FMLForgePlugin), we are in deobf and it's a forge core plugin
[16:51:39] [main/INFO] [FML]: Searching C:\Users\adtsd\MCreatorWorkspaces\techmod\run\.\mods for mods
[16:51:39] [main/INFO] [FML]: Loading tweaker optifine.OptiFineForgeTweaker from OptiFine_1.12.2_HD_U_G5.jar
[16:51:39] [main/INFO] [LaunchWrapper]: Calling tweak class net.minecraftforge.gradle.tweakers.CoremodTweaker
[16:51:39] [main/INFO] [GradleStart]: Injecting location in coremod net.minecraftforge.fml.relauncher.FMLCorePlugin
[16:51:39] [main/INFO] [GradleStart]: Injecting location in coremod net.minecraftforge.classloading.FMLForgePlugin
[16:51:39] [main/INFO] [LaunchWrapper]: Loading tweak class name net.minecraftforge.fml.common.launcher.FMLInjectionAndSortingTweaker
[16:51:39] [main/INFO] [LaunchWrapper]: Loading tweak class name optifine.OptiFineForgeTweaker
[16:51:39] [main/INFO] [LaunchWrapper]: Loading tweak class name net.minecraftforge.fml.common.launcher.FMLDeobfTweaker
[16:51:39] [main/INFO] [LaunchWrapper]: Loading tweak class name net.minecraftforge.gradle.tweakers.AccessTransformerTweaker
[16:51:39] [main/INFO] [LaunchWrapper]: Calling tweak class net.minecraftforge.fml.common.launcher.FMLInjectionAndSortingTweaker
[16:51:39] [main/INFO] [LaunchWrapper]: Calling tweak class net.minecraftforge.fml.common.launcher.FMLInjectionAndSortingTweaker
[16:51:39] [main/INFO] [LaunchWrapper]: Calling tweak class optifine.OptiFineForgeTweaker
[16:51:39] [main/INFO] [STDOUT]: [optifine.OptiFineForgeTweaker:dbg:56]: OptiFineForgeTweaker: acceptOptions
[16:51:39] [main/INFO] [STDOUT]: [optifine.OptiFineForgeTweaker:dbg:56]: OptiFineForgeTweaker: injectIntoClassLoader
[16:51:39] [main/INFO] [STDOUT]: [optifine.OptiFineClassTransformer:dbg:242]: OptiFine ClassTransformer
[16:51:39] [main/INFO] [STDOUT]: [optifine.OptiFineClassTransformer:dbg:242]: OptiFine ZIP file: C:\Users\adtsd\MCreatorWorkspaces\techmod\run\.\mods\OptiFine_1.12.2_HD_U_G5.jar
[16:51:39] [main/INFO] [LaunchWrapper]: Calling tweak class net.minecraftforge.fml.relauncher.CoreModManager$FMLPluginWrapper
[16:51:41] [main/ERROR] [FML]: FML appears to be missing any signature data. This is not a good thing
[16:51:41] [main/INFO] [LaunchWrapper]: Calling tweak class net.minecraftforge.fml.relauncher.CoreModManager$FMLPluginWrapper
[16:51:41] [main/INFO] [LaunchWrapper]: Calling tweak class net.minecraftforge.fml.common.launcher.FMLDeobfTweaker
[16:51:42] [main/INFO] [LaunchWrapper]: Calling tweak class net.minecraftforge.gradle.tweakers.AccessTransformerTweaker
[16:51:42] [main/INFO] [LaunchWrapper]: Loading tweak class name net.minecraftforge.fml.common.launcher.TerminalTweaker
[16:51:42] [main/INFO] [LaunchWrapper]: Calling tweak class net.minecraftforge.fml.common.launcher.TerminalTweaker
[16:51:42] [main/INFO] [STDOUT]: [optifine.OptiFineForgeTweaker:dbg:56]: OptiFineForgeTweaker: getLaunchArguments
[16:51:42] [main/INFO] [LaunchWrapper]: Launching wrapped minecraft {net.minecraft.client.main.Main}
[16:51:44] [main/INFO] [net.minecraft.client.Minecraft]: Setting user: Player806
[16:51:57] [main/INFO] [net.minecraft.client.Minecraft]: LWJGL Version: 2.9.4
[16:52:00] [main/INFO] [STDOUT]: [net.minecraft.init.Bootstrap:printToSYSOUT:629]: ---- Minecraft Crash Report ----

WARNING: coremods are present:
Contact their authors BEFORE contacting forge

// Surprise! Haha. Well, this is awkward.

Time: 10/5/24 4:52 PM
Description: Initializing game

java.lang.NoClassDefFoundError: cer
	at java.lang.Class.getDeclaredFields0(Native Method)
	at java.lang.Class.privateGetDeclaredFields(Class.java:2583)
	at java.lang.Class.getField0(Class.java:2975)
	at java.lang.Class.getField(Class.java:1701)
	at net.minecraftforge.fml.client.FMLClientHandler.detectOptifine(FMLClientHandler.java:293)
	at net.minecraftforge.fml.client.FMLClientHandler.beginMinecraftLoading(FMLClientHandler.java:216)
	at net.minecraft.client.Minecraft.init(Minecraft.java:513)
	at net.minecraft.client.Minecraft.run(Minecraft.java:421)
	at net.minecraft.client.main.Main.main(Main.java:118)
	at sun.reflect.NativeMethodAccessorImpl.invoke0(Native Method)
	at sun.reflect.NativeMethodAccessorImpl.invoke(NativeMethodAccessorImpl.java:62)
	at sun.reflect.DelegatingMethodAccessorImpl.invoke(DelegatingMethodAccessorImpl.java:43)
	at java.lang.reflect.Method.invoke(Method.java:498)
	at net.minecraft.launchwrapper.Launch.launch(Launch.java:135)
	at net.minecraft.launchwrapper.Launch.main(Launch.java:28)
	at sun.reflect.NativeMethodAccessorImpl.invoke0(Native Method)
	at sun.reflect.NativeMethodAccessorImpl.invoke(NativeMethodAccessorImpl.java:62)
	at sun.reflect.DelegatingMethodAccessorImpl.invoke(DelegatingMethodAccessorImpl.java:43)
	at java.lang.reflect.Method.invoke(Method.java:498)
	at net.minecraftforge.gradle.GradleStartCommon.launch(GradleStartCommon.java:97)
	at GradleStart.main(GradleStart.java:25)
Caused by: java.lang.ClassNotFoundException: cer
	at net.minecraft.launchwrapper.LaunchClassLoader.findClass(LaunchClassLoader.java:191)
	at java.lang.ClassLoader.loadClass(ClassLoader.java:418)
	at java.lang.ClassLoader.loadClass(ClassLoader.java:351)
	... 21 more
Caused by: java.lang.NullPointerException
	at net.minecraft.launchwrapper.LaunchClassLoader.findClass(LaunchClassLoader.java:182)
	... 23 more


A detailed walkthrough of the error, its code path and all known details is as follows:
---------------------------------------------------------------------------------------

-- Head --
Thread: Client thread
Stacktrace:
	at java.lang.Class.getDeclaredFields0(Native Method)
	at java.lang.Class.privateGetDeclaredFields(Class.java:2583)
	at java.lang.Class.getField0(Class.java:2975)
	at java.lang.Class.getField(Class.java:1701)
	at net.minecraftforge.fml.client.FMLClientHandler.detectOptifine(FMLClientHandler.java:293)
	at net.minecraftforge.fml.client.FMLClientHandler.beginMinecraftLoading(FMLClientHandler.java:216)
	at net.minecraft.client.Minecraft.init(Minecraft.java:513)

-- Initialization --
Details:
Stacktrace:
	at net.minecraft.client.Minecraft.run(Minecraft.java:421)
	at net.minecraft.client.main.Main.main(Main.java:118)
	at sun.reflect.NativeMethodAccessorImpl.invoke0(Native Method)
	at sun.reflect.NativeMethodAccessorImpl.invoke(NativeMethodAccessorImpl.java:62)
	at sun.reflect.DelegatingMethodAccessorImpl.invoke(DelegatingMethodAccessorImpl.java:43)
	at java.lang.reflect.Method.invoke(Method.java:498)
	at net.minecraft.launchwrapper.Launch.launch(Launch.java:135)
	at net.minecraft.launchwrapper.Launch.main(Launch.java:28)
	at sun.reflect.NativeMethodAccessorImpl.invoke0(Native Method)
	at sun.reflect.NativeMethodAccessorImpl.invoke(NativeMethodAccessorImpl.java:62)
	at sun.reflect.DelegatingMethodAccessorImpl.invoke(DelegatingMethodAccessorImpl.java:43)
	at java.lang.reflect.Method.invoke(Method.java:498)
	at net.minecraftforge.gradle.GradleStartCommon.launch(GradleStartCommon.java:97)
	at GradleStart.main(GradleStart.java:25)

-- System Details --
Details:
	Minecraft Version: 1.12.2
	Operating System: Windows 10 (amd64) version 10.0
	Java Version: 1.8.0_232, BellSoft
	Java VM Version: OpenJDK 64-Bit Server VM (mixed mode), 
	Memory: 150719744 bytes (143 MB) / 366477312 bytes (349 MB) up to 1877475328 bytes (1790 MB)
	JVM Flags: 0 total; 
	IntCache: cache: 0, tcache: 0, allocated: 0, tallocated: 0
	FML: 
	Loaded coremods (and transformers): 
	Launched Version: 1.12.2
	LWJGL: 2.9.4
	OpenGL: GeForce 610M/PCIe/SSE2 GL version 4.6.0 NVIDIA 391.35, NVIDIA Corporation
	GL Caps: Using GL 1.3 multitexturing.
Using GL 1.3 texture combiners.
Using framebuffer objects because OpenGL 3.0 is supported and separate blending is supported.
Shaders are available because OpenGL 2.1 is supported.
VBOs are available because OpenGL 1.5 is supported.

	Using VBOs: Yes
	Is Modded: Definitely; Client brand changed to 'fml,forge'
	Type: Client (map_client.txt)
	Resource Packs: 
	Current Language: ~~ERROR~~ NullPointerException: null
	Profiler Position: N/A (disabled)
	CPU: 4x Intel(R) Core(TM) i3-2330M CPU @ 2.20GHz
[16:52:00] [main/INFO] [STDOUT]: [net.minecraft.init.Bootstrap:printToSYSOUT:629]: #@!@# Game crashed! Crash report saved to: #@!@# C:\Users\adtsd\MCreatorWorkspaces\techmod\run\.\crash-reports\crash-2024-10-05_16.52.00-client.txt
